#-----------------------------------------------------------
# Vivado v2017.4 (64-bit)
# SW Build 2086221 on Fri Dec 15 20:55:39 MST 2017
# IP Build 2085800 on Fri Dec 15 22:25:07 MST 2017
# Start of session at: Sat Sep 25 20:24:34 2021
# Process ID: 3416
# Current directory: D:/Project/SketchSystem_Multi1080p
# Command line: vivado.exe -gui_launcher_event rodinguilauncherevent15040 D:\Project\SketchSystem_Multi1080p\SketchSystem.xpr
# Log file: D:/Project/SketchSystem_Multi1080p/vivado.log
# Journal file: D:/Project/SketchSystem_Multi1080p\vivado.jou
#-----------------------------------------------------------
start_gui
open_project D:/Project/SketchSystem_Multi1080p/SketchSystem.xpr
INFO: [Project 1-313] Project file moved from 'D:/GitCode/SketchSystem_Multi1080p' since last save.
Scanning sources...
Finished scanning sources
INFO: [IP_Flow 19-234] Refreshing IP repositories
INFO: [IP_Flow 19-1700] Loaded user IP repository 'd:/Project/Sketch_IP_1080p'.
INFO: [IP_Flow 19-2313] Loaded Vivado IP repository 'D:/Xilinx/Vivado/2017.4/data/ip'.
WARNING: [BD 41-1661] One or more IPs have been locked in the design 'system.bd'. Please run report_ip_status for more details and recommendations on how to fix this issue.
List of locked IPs:
system_SketchIP_1080p_0_1

open_project: Time (s): cpu = 00:00:16 ; elapsed = 00:00:17 . Memory (MB): peak = 920.793 ; gain = 227.914
update_module_reference system_mux_0_0
INFO: [IP_Flow 19-234] Refreshing IP repositories
INFO: [IP_Flow 19-1700] Loaded user IP repository 'd:/Project/Sketch_IP_1080p'.
Adding cell -- xilinx.com:ip:processing_system7:5.5 - processing_system7_0
Adding cell -- xilinx.com:ip:axi_dma:7.1 - axi_dma_0
Adding cell -- xilinx.com:ip:axis_dwidth_converter:1.1 - axis_dwidth_converter_0
Adding cell -- xilinx.com:ip:proc_sys_reset:5.0 - rst_ps7_0_100M
Adding cell -- xilinx.com:ip:clk_wiz:5.4 - clk_wiz_0
Adding cell -- xilinx.com:ip:smartconnect:1.0 - axi_smc
Adding cell -- xilinx.com:ip:v_tc:6.1 - v_tc_0
Adding cell -- xilinx.com:ip:xlconstant:1.1 - xlconstant_0
Adding cell -- xilinx.com:ip:v_axi4s_vid_out:4.0 - v_axi4s_vid_out_0
Adding cell -- xilinx.com:module_ref:mux:1.0 - mux_0
Adding cell -- xilinx.com:ip:xlslice:1.0 - xlslice_0
Adding cell -- xilinx.com:ip:xlslice:1.0 - xlslice_1
Adding cell -- xilinx.com:ip:xlslice:1.0 - xlslice_2
Adding cell -- xilinx.com:ip:axi_vdma:6.3 - axi_vdma_0
Adding cell -- xilinx.com:ip:proc_sys_reset:5.0 - rst_clk_wiz_0_148M
Adding cell -- xilinx.com:ip:xlconcat:2.1 - xlconcat_0
Adding cell -- xilinx.com:user:SketchIP_1080p:1.7 - SketchIP_1080p_0
WARNING: [BD 41-1731] Type mismatch between connected pins: /rst_ps7_0_100M/peripheral_aresetn(rst) and /SketchIP_1080p_0/axi_reset_n(undef)
Adding cell -- xilinx.com:ip:axi_crossbar:2.1 - xbar
Adding cell -- xilinx.com:ip:axi_clock_converter:2.1 - auto_cc
Adding cell -- xilinx.com:ip:axi_protocol_converter:2.1 - auto_pc
Successfully read diagram <system> from BD file <D:/Project/SketchSystem_Multi1080p/SketchSystem.srcs/sources_1/bd/system/system.bd>
Upgrading 'D:/Project/SketchSystem_Multi1080p/SketchSystem.srcs/sources_1/bd/system/system.bd'
INFO: [IP_Flow 19-1972] Upgraded system_mux_0_0 from mux_v1_0 1.0 to mux_v1_0 1.0
Wrote  : <D:/Project/SketchSystem_Multi1080p/SketchSystem.srcs/sources_1/bd/system/system.bd> 
Wrote  : <D:/Project/SketchSystem_Multi1080p/SketchSystem.srcs/sources_1/bd/system/ui/bd_c954508f.ui> 
upgrade_ip: Time (s): cpu = 00:00:10 ; elapsed = 00:00:08 . Memory (MB): peak = 1056.148 ; gain = 123.062
update_module_reference: Time (s): cpu = 00:00:10 ; elapsed = 00:00:10 . Memory (MB): peak = 1056.148 ; gain = 123.062
update_compile_order -fileset sources_1
report_ip_status -name ip_status 
upgrade_ip -vlnv xilinx.com:user:SketchIP_1080p:1.8 [get_ips  system_SketchIP_1080p_0_1] -log ip_upgrade.log
Upgrading 'D:/Project/SketchSystem_Multi1080p/SketchSystem.srcs/sources_1/bd/system/system.bd'
INFO: [IP_Flow 19-1972] Upgraded system_SketchIP_1080p_0_1 from SketchIP_1080p 1.7 to SketchIP_1080p 1.8
WARNING: [BD 41-1731] Type mismatch between connected pins: /rst_ps7_0_100M/peripheral_aresetn(rst) and /SketchIP_1080p_0_upgraded_ipi/axi_reset_n(undef)
Wrote  : <D:/Project/SketchSystem_Multi1080p/SketchSystem.srcs/sources_1/bd/system/system.bd> 
Wrote  : <D:/Project/SketchSystem_Multi1080p/SketchSystem.srcs/sources_1/bd/system/ui/bd_c954508f.ui> 
INFO: [Coretcl 2-1525] Wrote upgrade log to 'D:/Project/SketchSystem_Multi1080p/ip_upgrade.log'.
export_ip_user_files -of_objects [get_ips system_SketchIP_1080p_0_1] -no_script -sync -force -quiet
generate_target all [get_files  D:/Project/SketchSystem_Multi1080p/SketchSystem.srcs/sources_1/bd/system/system.bd]
INFO: [Ipptcl 7-1463] No Compatible Board Interface found. Board Tab not created in customize GUI
INFO: [Ipptcl 7-1463] No Compatible Board Interface found. Board Tab not created in customize GUI
INFO: [Ipptcl 7-1463] No Compatible Board Interface found. Board Tab not created in customize GUI
CRITICAL WARNING: [xilinx.com:ip:axi_dma:7.1-9] /axi_dma_0
                   ########################################################### 
                   Interface connected to S_AXIS_S2MM does not have TLAST port
                   ###########################################################
CRITICAL WARNING: [xilinx.com:ip:axi_dma:7.1-9] /axi_dma_0
                   ########################################################### 
                   Interface connected to S_AXIS_S2MM does not have TLAST port
                   ###########################################################
Wrote  : <D:/Project/SketchSystem_Multi1080p/SketchSystem.srcs/sources_1/bd/system/system.bd> 
VHDL Output written to : D:/Project/SketchSystem_Multi1080p/SketchSystem.srcs/sources_1/bd/system/synth/system.v
VHDL Output written to : D:/Project/SketchSystem_Multi1080p/SketchSystem.srcs/sources_1/bd/system/sim/system.v
VHDL Output written to : D:/Project/SketchSystem_Multi1080p/SketchSystem.srcs/sources_1/bd/system/hdl/system_wrapper.v
INFO: [BD 41-1029] Generation completed for the IP Integrator block processing_system7_0 .
INFO: [BD 41-1029] Generation completed for the IP Integrator block axi_dma_0 .
INFO: [BD 41-1029] Generation completed for the IP Integrator block axis_dwidth_converter_0 .
INFO: [BD 41-1029] Generation completed for the IP Integrator block rst_ps7_0_100M .
INFO: [BD 41-1029] Generation completed for the IP Integrator block clk_wiz_0 .
Exporting to file d:/Project/SketchSystem_Multi1080p/SketchSystem.srcs/sources_1/bd/system/ip/system_axi_smc_0/bd_0/hw_handoff/system_axi_smc_0.hwh
Generated Block Design Tcl file d:/Project/SketchSystem_Multi1080p/SketchSystem.srcs/sources_1/bd/system/ip/system_axi_smc_0/bd_0/hw_handoff/system_axi_smc_0_bd.tcl
Generated Hardware Definition File d:/Project/SketchSystem_Multi1080p/SketchSystem.srcs/sources_1/bd/system/ip/system_axi_smc_0/bd_0/synth/system_axi_smc_0.hwdef
INFO: [BD 41-1029] Generation completed for the IP Integrator block axi_smc .
INFO: [BD 41-1029] Generation completed for the IP Integrator block v_tc_0 .
INFO: [BD 41-1029] Generation completed for the IP Integrator block xlconstant_0 .
INFO: [BD 41-1029] Generation completed for the IP Integrator block v_axi4s_vid_out_0 .
INFO: [BD 41-1029] Generation completed for the IP Integrator block mux_0 .
INFO: [BD 41-1029] Generation completed for the IP Integrator block xlslice_0 .
INFO: [BD 41-1029] Generation completed for the IP Integrator block xlslice_1 .
INFO: [BD 41-1029] Generation completed for the IP Integrator block xlslice_2 .
INFO: [BD 41-1029] Generation completed for the IP Integrator block axi_vdma_0 .
INFO: [BD 41-1029] Generation completed for the IP Integrator block rst_clk_wiz_0_148M .
INFO: [BD 41-1029] Generation completed for the IP Integrator block xlconcat_0 .
INFO: [BD 41-1029] Generation completed for the IP Integrator block ps7_0_axi_periph/xbar .
INFO: [BD 41-1029] Generation completed for the IP Integrator block SketchIP_1080p_0 .
WARNING: [IP_Flow 19-4994] Overwriting existing constraint file 'd:/Project/SketchSystem_Multi1080p/SketchSystem.srcs/sources_1/bd/system/ip/system_auto_cc_0/system_auto_cc_0_ooc.xdc'
INFO: [BD 41-1029] Generation completed for the IP Integrator block ps7_0_axi_periph/m01_couplers/auto_cc .
WARNING: [IP_Flow 19-4994] Overwriting existing constraint file 'd:/Project/SketchSystem_Multi1080p/SketchSystem.srcs/sources_1/bd/system/ip/system_auto_pc_0/system_auto_pc_0_ooc.xdc'
INFO: [BD 41-1029] Generation completed for the IP Integrator block ps7_0_axi_periph/s00_couplers/auto_pc .
Exporting to file D:/Project/SketchSystem_Multi1080p/SketchSystem.srcs/sources_1/bd/system/hw_handoff/system.hwh
Generated Block Design Tcl file D:/Project/SketchSystem_Multi1080p/SketchSystem.srcs/sources_1/bd/system/hw_handoff/system_bd.tcl
Generated Hardware Definition File D:/Project/SketchSystem_Multi1080p/SketchSystem.srcs/sources_1/bd/system/synth/system.hwdef
generate_target: Time (s): cpu = 00:00:28 ; elapsed = 00:00:27 . Memory (MB): peak = 1372.773 ; gain = 314.434
catch { config_ip_cache -export [get_ips -all system_SketchIP_1080p_0_1] }
catch { config_ip_cache -export [get_ips -all system_auto_cc_0] }
INFO: [IP_Flow 19-4993] Using cached IP synthesis design for IP system_auto_cc_0, cache-ID = 497bced554c09a48; cache size = 95.902 MB.
catch { config_ip_cache -export [get_ips -all system_auto_pc_0] }
INFO: [IP_Flow 19-4993] Using cached IP synthesis design for IP system_auto_pc_0, cache-ID = b483ac5f30e466e2; cache size = 95.902 MB.
export_ip_user_files -of_objects [get_files D:/Project/SketchSystem_Multi1080p/SketchSystem.srcs/sources_1/bd/system/system.bd] -no_script -sync -force -quiet
create_ip_run [get_files -of_objects [get_fileset sources_1] D:/Project/SketchSystem_Multi1080p/SketchSystem.srcs/sources_1/bd/system/system.bd]
launch_runs -jobs 6 {system_mux_0_0_synth_1 system_SketchIP_1080p_0_1_synth_1}
[Sat Sep 25 20:26:02 2021] Launched system_mux_0_0_synth_1, system_SketchIP_1080p_0_1_synth_1...
Run output will be captured here:
system_mux_0_0_synth_1: D:/Project/SketchSystem_Multi1080p/SketchSystem.runs/system_mux_0_0_synth_1/runme.log
system_SketchIP_1080p_0_1_synth_1: D:/Project/SketchSystem_Multi1080p/SketchSystem.runs/system_SketchIP_1080p_0_1_synth_1/runme.log
export_simulation -of_objects [get_files D:/Project/SketchSystem_Multi1080p/SketchSystem.srcs/sources_1/bd/system/system.bd] -directory D:/Project/SketchSystem_Multi1080p/SketchSystem.ip_user_files/sim_scripts -ip_user_files_dir D:/Project/SketchSystem_Multi1080p/SketchSystem.ip_user_files -ipstatic_source_dir D:/Project/SketchSystem_Multi1080p/SketchSystem.ip_user_files/ipstatic -lib_map_path [list {modelsim=D:/Project/SketchSystem_Multi1080p/SketchSystem.cache/compile_simlib/modelsim} {questa=D:/Project/SketchSystem_Multi1080p/SketchSystem.cache/compile_simlib/questa} {riviera=D:/Project/SketchSystem_Multi1080p/SketchSystem.cache/compile_simlib/riviera} {activehdl=D:/Project/SketchSystem_Multi1080p/SketchSystem.cache/compile_simlib/activehdl}] -use_ip_compiled_libs -force -quiet
reset_run synth_1
WARNING: [Vivado 12-1017] Problems encountered:
1. Failed to delete one or more files in run directory D:/Project/SketchSystem_Multi1080p/SketchSystem.runs/synth_1

launch_runs impl_1 -to_step write_bitstream -jobs 6
[Sat Sep 25 20:27:14 2021] Launched system_SketchIP_1080p_0_1_synth_1, synth_1...
Run output will be captured here:
system_SketchIP_1080p_0_1_synth_1: D:/Project/SketchSystem_Multi1080p/SketchSystem.runs/system_SketchIP_1080p_0_1_synth_1/runme.log
synth_1: D:/Project/SketchSystem_Multi1080p/SketchSystem.runs/synth_1/runme.log
[Sat Sep 25 20:27:14 2021] Launched impl_1...
Run output will be captured here: D:/Project/SketchSystem_Multi1080p/SketchSystem.runs/impl_1/runme.log
report_ip_status -name ip_status 
file copy -force D:/Project/SketchSystem_Multi1080p/SketchSystem.runs/impl_1/system_wrapper.sysdef D:/Project/SketchSystem_Multi1080p/SketchSystem.sdk/system_wrapper.hdf

launch_sdk -workspace D:/Project/SketchSystem_Multi1080p/SketchSystem.sdk -hwspec D:/Project/SketchSystem_Multi1080p/SketchSystem.sdk/system_wrapper.hdf
INFO: [Vivado 12-393] Launching SDK...
INFO: [Vivado 12-417] Running xsdk -workspace D:/Project/SketchSystem_Multi1080p/SketchSystem.sdk -hwspec D:/Project/SketchSystem_Multi1080p/SketchSystem.sdk/system_wrapper.hdf
INFO: [Vivado 12-3157] SDK launch initiated. Please check console for any further messages.
exit
INFO: [Common 17-206] Exiting Vivado at Sat Sep 25 20:49:47 2021...
